prisma/seed-admin.ts(1,30): error TS7016: Could not find a declaration file for module '@prisma/client'. 'M:/Repo/Farmers Market Platform web and app/node_modules/@prisma/client/default.js' implicitly has an 'any' type.
  Try `npm i --save-dev @types/prisma__client` if it exists or add a new declaration (.d.ts) file containing `declare module '@prisma/client';`
prisma/seed-basic.ts(5,33): error TS7016: Could not find a declaration file for module '@prisma/client'. 'M:/Repo/Farmers Market Platform web and app/node_modules/@prisma/client/default.js' implicitly has an 'any' type.
  Try `npm i --save-dev @types/prisma__client` if it exists or add a new declaration (.d.ts) file containing `declare module '@prisma/client';`
sentry.edge.config.ts(6,25): error TS7016: Could not find a declaration file for module '@sentry/nextjs'. 'M:/Repo/Farmers Market Platform web and app/node_modules/@sentry/nextjs/build/esm/index.server.js' implicitly has an 'any' type.
  Try `npm i --save-dev @types/sentry__nextjs` if it exists or add a new declaration (.d.ts) file containing `declare module '@sentry/nextjs';`
sentry.server.config.ts(5,25): error TS7016: Could not find a declaration file for module '@sentry/nextjs'. 'M:/Repo/Farmers Market Platform web and app/node_modules/@sentry/nextjs/build/esm/index.server.js' implicitly has an 'any' type.
  Try `npm i --save-dev @types/sentry__nextjs` if it exists or add a new declaration (.d.ts) file containing `declare module '@sentry/nextjs';`
src/app/(admin)/admin/farms/page.tsx(17,28): error TS7016: Could not find a declaration file for module 'next-auth/react'. 'M:/Repo/Farmers Market Platform web and app/node_modules/next-auth/react.js' implicitly has an 'any' type.
  If the 'next-auth' package actually exposes this module, try adding a new declaration (.d.ts) file containing `declare module 'next-auth/react';`
src/app/(admin)/admin/notifications/page.tsx(10,53): error TS7016: Could not find a declaration file for module '@prisma/client'. 'M:/Repo/Farmers Market Platform web and app/node_modules/@prisma/client/default.js' implicitly has an 'any' type.
  Try `npm i --save-dev @types/prisma__client` if it exists or add a new declaration (.d.ts) file containing `declare module '@prisma/client';`
src/app/(admin)/admin/orders/page.tsx(69,39): error TS7006: Parameter 'sum' implicitly has an 'any' type.
src/app/(admin)/admin/orders/page.tsx(69,44): error TS7006: Parameter 'order' implicitly has an 'any' type.
src/app/(admin)/admin/orders/page.tsx(187,30): error TS7006: Parameter 'order' implicitly has an 'any' type.
src/app/(admin)/admin/orders/page.tsx(207,55): error TS7006: Parameter 'item' implicitly has an 'any' type.
src/app/(admin)/admin/orders/page.tsx(207,61): error TS7006: Parameter 'i' implicitly has an 'any' type.
src/app/(customer)/cart/page.tsx(12,28): error TS7016: Could not find a declaration file for module 'next-auth/react'. 'M:/Repo/Farmers Market Platform web and app/node_modules/next-auth/react.js' implicitly has an 'any' type.
  If the 'next-auth' package actually exposes this module, try adding a new declaration (.d.ts) file containing `declare module 'next-auth/react';`
src/app/(customer)/cart/page.tsx(225,12): error TS2339: Property 'quantity' does not exist on type 'CartItemWithProduct'.
src/app/(customer)/cart/page.tsx(309,33): error TS2339: Property 'id' does not exist on type 'CartItemWithProduct'.
src/app/(customer)/checkout/page.tsx(8,24): error TS7016: Could not find a declaration file for module '@prisma/client'. 'M:/Repo/Farmers Market Platform web and app/node_modules/@prisma/client/default.js' implicitly has an 'any' type.
  Try `npm i --save-dev @types/prisma__client` if it exists or add a new declaration (.d.ts) file containing `declare module '@prisma/client';`
src/app/(customer)/customer/dashboard/page.tsx(58,6): error TS7006: Parameter 'sum' implicitly has an 'any' type.
src/app/(customer)/customer/dashboard/page.tsx(58,11): error TS7006: Parameter 'order' implicitly has an 'any' type.
src/app/(customer)/customer/dashboard/page.tsx(224,30): error TS7006: Parameter 'order' implicitly has an 'any' type.
src/app/(customer)/customer/dashboard/page.tsx(333,33): error TS7006: Parameter 'favorite' implicitly has an 'any' type.
src/app/(customer)/farms/[slug]/page.tsx(127,22): error TS7006: Parameter 'product' implicitly has an 'any' type.
src/app/(customer)/farms/[slug]/page.tsx(210,30): error TS7006: Parameter 'cert' implicitly has an 'any' type.
src/app/(customer)/farms/[slug]/page.tsx(254,39): error TS7006: Parameter 'photo' implicitly has an 'any' type.
src/app/(customer)/farms/page.tsx(17,27): error TS7016: Could not find a declaration file for module '@prisma/client'. 'M:/Repo/Farmers Market Platform web and app/node_modules/@prisma/client/default.js' implicitly has an 'any' type.
  Try `npm i --save-dev @types/prisma__client` if it exists or add a new declaration (.d.ts) file containing `declare module '@prisma/client';`
src/app/(customer)/marketplace/page.tsx(22,27): error TS7016: Could not find a declaration file for module '@prisma/client'. 'M:/Repo/Farmers Market Platform web and app/node_modules/@prisma/client/default.js' implicitly has an 'any' type.
  Try `npm i --save-dev @types/prisma__client` if it exists or add a new declaration (.d.ts) file containing `declare module '@prisma/client';`
src/app/(customer)/marketplace/page.tsx(138,22): error TS7006: Parameter 'product' implicitly has an 'any' type.
src/app/(customer)/orders/[orderId]/confirmation/page.tsx(97,32): error TS7006: Parameter 'item' implicitly has an 'any' type.
src/app/(customer)/orders/[orderId]/confirmation/page.tsx(152,33): error TS7006: Parameter 'item' implicitly has an 'any' type.
src/app/(customer)/orders/[orderId]/page.tsx(285,35): error TS7006: Parameter 'item' implicitly has an 'any' type.
src/app/(customer)/orders/page.tsx(230,26): error TS7006: Parameter 'order' implicitly has an 'any' type.
src/app/(customer)/orders/page.tsx(288,55): error TS7006: Parameter 'item' implicitly has an 'any' type.
src/app/(customer)/products/[slug]/page.tsx(264,28): error TS7006: Parameter 'tag' implicitly has an 'any' type.
src/app/(customer)/products/[slug]/page.tsx(310,50): error TS7006: Parameter 'image' implicitly has an 'any' type.
src/app/(customer)/products/[slug]/page.tsx(310,57): error TS7006: Parameter 'index' implicitly has an 'any' type.
src/app/(customer)/products/[slug]/page.tsx(391,26): error TS7006: Parameter 'tag' implicitly has an 'any' type.
src/app/(customer)/products/[slug]/page.tsx(391,31): error TS7006: Parameter 'index' implicitly has an 'any' type.
src/app/(customer)/products/page.tsx(29,38): error TS7016: Could not find a declaration file for module '@prisma/client'. 'M:/Repo/Farmers Market Platform web and app/node_modules/@prisma/client/default.js' implicitly has an 'any' type.
  Try `npm i --save-dev @types/prisma__client` if it exists or add a new declaration (.d.ts) file containing `declare module '@prisma/client';`
src/app/(customer)/settings/page.tsx(131,31): error TS7006: Parameter 'addr' implicitly has an 'any' type.
src/app/(farmer)/farmer/dashboard/page.tsx(49,41): error TS7006: Parameter 'sum' implicitly has an 'any' type.
src/app/(farmer)/farmer/dashboard/page.tsx(49,46): error TS7006: Parameter 'order' implicitly has an 'any' type.
src/app/(farmer)/farmer/dashboard/page.tsx(51,38): error TS7006: Parameter 'o' implicitly has an 'any' type.
src/app/(farmer)/farmer/dashboard/page.tsx(58,37): error TS7006: Parameter 'o' implicitly has an 'any' type.
src/app/(farmer)/farmer/dashboard/page.tsx(211,42): error TS7006: Parameter 'order' implicitly has an 'any' type.
src/app/(farmer)/farmer/dashboard/page.tsx(211,49): error TS7006: Parameter 'index' implicitly has an 'any' type.
src/app/(farmer)/farmer/farms/[farmId]/orders/[orderId]/page.tsx(213,19): error TS7006: Parameter 'item' implicitly has an 'any' type.
src/app/(farmer)/farmer/farms/[farmId]/orders/page.tsx(417,32): error TS7006: Parameter 'order' implicitly has an 'any' type.
src/app/(farmer)/farmer/farms/[farmId]/orders/page.tsx(456,59): error TS7006: Parameter 'item' implicitly has an 'any' type.
src/app/(farmer)/farmer/farms/[farmId]/orders/page.tsx(456,65): error TS7006: Parameter 'idx' implicitly has an 'any' type.
src/app/(farmer)/farmer/farms/[farmId]/page.tsx(107,48): error TS7006: Parameter 'p' implicitly has an 'any' type.
src/app/(farmer)/farmer/farms/[farmId]/page.tsx(109,14): error TS7006: Parameter 'o' implicitly has an 'any' type.
src/app/(farmer)/farmer/farms/[farmId]/page.tsx(110,14): error TS7006: Parameter 'sum' implicitly has an 'any' type.
src/app/(farmer)/farmer/farms/[farmId]/page.tsx(110,19): error TS7006: Parameter 'order' implicitly has an 'any' type.
src/app/(farmer)/farmer/farms/[farmId]/page.tsx(112,48): error TS7006: Parameter 'sum' implicitly has an 'any' type.
src/app/(farmer)/farmer/farms/[farmId]/page.tsx(112,53): error TS7006: Parameter 'product' implicitly has an 'any' type.
src/app/(farmer)/farmer/farms/[farmId]/page.tsx(119,6): error TS7006: Parameter 'o' implicitly has an 'any' type.
src/app/(farmer)/farmer/farms/[farmId]/page.tsx(401,37): error TS7006: Parameter 'order' implicitly has an 'any' type.
src/app/(farmer)/farmer/orders/page.tsx(35,30): error TS7006: Parameter 'f' implicitly has an 'any' type.
src/app/(farmer)/farmer/orders/page.tsx(131,34): error TS7006: Parameter 'order' implicitly has an 'any' type.
src/app/(farmer)/farmer/orders/page.tsx(203,34): error TS7006: Parameter 'sum' implicitly has an 'any' type.
src/app/(farmer)/farmer/orders/page.tsx(203,39): error TS7006: Parameter 'order' implicitly has an 'any' type.
src/app/(farmer)/farmer/orders/page.tsx(210,33): error TS7006: Parameter 'o' implicitly has an 'any' type.
src/app/actions/cart.actions.ts(52,39): error TS2339: Property 'quantity' does not exist on type 'CartItemWithProduct'.
src/app/actions/cart.actions.ts(53,41): error TS2339: Property 'priceAtAdd' does not exist on type 'CartItemWithProduct'.
src/app/actions/cart.actions.ts(67,41): error TS2339: Property 'quantity' does not exist on type 'CartItemWithProduct'.
src/app/actions/cart.actions.ts(68,43): error TS2339: Property 'priceAtAdd' does not exist on type 'CartItemWithProduct'.
src/app/actions/product.actions.ts(24,53): error TS7016: Could not find a declaration file for module '@prisma/client'. 'M:/Repo/Farmers Market Platform web and app/node_modules/@prisma/client/default.js' implicitly has an 'any' type.
  Try `npm i --save-dev @types/prisma__client` if it exists or add a new declaration (.d.ts) file containing `declare module '@prisma/client';`
src/app/api/admin/analytics/route.ts(281,61): error TS7006: Parameter 'o' implicitly has an 'any' type.
src/app/api/admin/analytics/route.ts(292,47): error TS7006: Parameter 'c' implicitly has an 'any' type.
src/app/api/admin/analytics/route.ts(296,8): error TS7006: Parameter 'acc' implicitly has an 'any' type.
src/app/api/admin/analytics/route.ts(296,15): error TS7031: Binding element 'role' implicitly has an 'any' type.
src/app/api/admin/analytics/route.ts(296,21): error TS7031: Binding element '_count' implicitly has an 'any' type.
src/app/api/admin/analytics/route.ts(305,8): error TS7006: Parameter 'acc' implicitly has an 'any' type.
src/app/api/admin/analytics/route.ts(305,15): error TS7031: Binding element 'status' implicitly has an 'any' type.
src/app/api/admin/analytics/route.ts(305,23): error TS7031: Binding element '_count' implicitly has an 'any' type.
src/app/api/admin/analytics/route.ts(314,8): error TS7006: Parameter 'acc' implicitly has an 'any' type.
src/app/api/admin/analytics/route.ts(314,15): error TS7031: Binding element 'status' implicitly has an 'any' type.
src/app/api/admin/analytics/route.ts(314,23): error TS7031: Binding element '_count' implicitly has an 'any' type.
src/app/api/admin/analytics/route.ts(314,31): error TS7031: Binding element '_sum' implicitly has an 'any' type.
src/app/api/admin/analytics/route.ts(359,35): error TS7006: Parameter 'farm' implicitly has an 'any' type.
src/app/api/admin/analytics/route.ts(375,50): error TS7006: Parameter 'order' implicitly has an 'any' type.
src/app/api/admin/analytics/route.ts(394,45): error TS7006: Parameter 'action' implicitly has an 'any' type.
src/app/api/admin/farms/verify/route.ts(13,45): error TS7016: Could not find a declaration file for module '@prisma/client'. 'M:/Repo/Farmers Market Platform web and app/node_modules/@prisma/client/default.js' implicitly has an 'any' type.
  Try `npm i --save-dev @types/prisma__client` if it exists or add a new declaration (.d.ts) file containing `declare module '@prisma/client';`
src/app/api/admin/orders/route.ts(264,29): error TS7006: Parameter 'order' implicitly has an 'any' type.
src/app/api/admin/orders/route.ts(279,35): error TS7006: Parameter 'item' implicitly has an 'any' type.
src/app/api/admin/orders/route.ts(607,44): error TS7006: Parameter 'item' implicitly has an 'any' type.
src/app/api/admin/users/[id]/route.ts(273,41): error TS7006: Parameter 'order' implicitly has an 'any' type.
src/app/api/admin/webhooks/monitor/route.ts(121,41): error TS7006: Parameter 'e' implicitly has an 'any' type.
src/app/api/auth/register/route.ts(119,55): error TS7006: Parameter 'tx' implicitly has an 'any' type.
src/app/api/cart/route.ts(16,40): error TS7016: Could not find a declaration file for module '@prisma/client'. 'M:/Repo/Farmers Market Platform web and app/node_modules/@prisma/client/default.js' implicitly has an 'any' type.
  Try `npm i --save-dev @types/prisma__client` if it exists or add a new declaration (.d.ts) file containing `declare module '@prisma/client';`
src/app/api/cart/route.ts(67,40): error TS7006: Parameter 'sum' implicitly has an 'any' type.
src/app/api/cart/route.ts(67,45): error TS7006: Parameter 'item' implicitly has an 'any' type.
src/app/api/cart/route.ts(74,42): error TS7006: Parameter 'groups' implicitly has an 'any' type.
src/app/api/cart/route.ts(74,50): error TS7006: Parameter 'item' implicitly has an 'any' type.
src/app/api/categories/route.ts(9,33): error TS7016: Could not find a declaration file for module '@prisma/client'. 'M:/Repo/Farmers Market Platform web and app/node_modules/@prisma/client/default.js' implicitly has an 'any' type.
  Try `npm i --save-dev @types/prisma__client` if it exists or add a new declaration (.d.ts) file containing `declare module '@prisma/client';`
src/app/api/farms/[farmId]/products/route.ts(8,62): error TS7016: Could not find a declaration file for module '@prisma/client'. 'M:/Repo/Farmers Market Platform web and app/node_modules/@prisma/client/default.js' implicitly has an 'any' type.
  Try `npm i --save-dev @types/prisma__client` if it exists or add a new declaration (.d.ts) file containing `declare module '@prisma/client';`
src/app/api/farms/[farmId]/route.ts(13,39): error TS7016: Could not find a declaration file for module '@prisma/client'. 'M:/Repo/Farmers Market Platform web and app/node_modules/@prisma/client/default.js' implicitly has an 'any' type.
  Try `npm i --save-dev @types/prisma__client` if it exists or add a new declaration (.d.ts) file containing `declare module '@prisma/client';`
src/app/api/farms/featured/route.ts(11,27): error TS7016: Could not find a declaration file for module '@prisma/client'. 'M:/Repo/Farmers Market Platform web and app/node_modules/@prisma/client/default.js' implicitly has an 'any' type.
  Try `npm i --save-dev @types/prisma__client` if it exists or add a new declaration (.d.ts) file containing `declare module '@prisma/client';`
src/app/api/favorites/route.ts(103,16): error TS7006: Parameter 'f' implicitly has an 'any' type.
src/app/api/favorites/route.ts(104,13): error TS7006: Parameter 'f' implicitly has an 'any' type.
src/app/api/favorites/route.ts(107,16): error TS7006: Parameter 'f' implicitly has an 'any' type.
src/app/api/favorites/route.ts(108,13): error TS7006: Parameter 'f' implicitly has an 'any' type.
src/app/api/products/[productId]/reviews/route.ts(9,43): error TS7016: Could not find a declaration file for module '@prisma/client'. 'M:/Repo/Farmers Market Platform web and app/node_modules/@prisma/client/default.js' implicitly has an 'any' type.
  Try `npm i --save-dev @types/prisma__client` if it exists or add a new declaration (.d.ts) file containing `declare module '@prisma/client';`
src/app/api/products/[productId]/reviews/route.ts(158,27): error TS7006: Parameter 'item' implicitly has an 'any' type.
src/app/api/products/[productId]/reviews/route.ts(355,55): error TS7006: Parameter 'tx' implicitly has an 'any' type.
src/app/api/products/[productId]/route.ts(9,62): error TS7016: Could not find a declaration file for module '@prisma/client'. 'M:/Repo/Farmers Market Platform web and app/node_modules/@prisma/client/default.js' implicitly has an 'any' type.
  Try `npm i --save-dev @types/prisma__client` if it exists or add a new declaration (.d.ts) file containing `declare module '@prisma/client';`
src/app/api/products/route.ts(12,62): error TS7016: Could not find a declaration file for module '@prisma/client'. 'M:/Repo/Farmers Market Platform web and app/node_modules/@prisma/client/default.js' implicitly has an 'any' type.
  Try `npm i --save-dev @types/prisma__client` if it exists or add a new declaration (.d.ts) file containing `declare module '@prisma/client';`
src/app/api/products/search/route.ts(11,62): error TS7016: Could not find a declaration file for module '@prisma/client'. 'M:/Repo/Farmers Market Platform web and app/node_modules/@prisma/client/default.js' implicitly has an 'any' type.
  Try `npm i --save-dev @types/prisma__client` if it exists or add a new declaration (.d.ts) file containing `declare module '@prisma/client';`
src/app/api/search/route.ts(8,68): error TS7016: Could not find a declaration file for module '@prisma/client'. 'M:/Repo/Farmers Market Platform web and app/node_modules/@prisma/client/default.js' implicitly has an 'any' type.
  Try `npm i --save-dev @types/prisma__client` if it exists or add a new declaration (.d.ts) file containing `declare module '@prisma/client';`
src/app/api/user/addresses/route.ts(16,34): error TS7016: Could not find a declaration file for module '@prisma/client'. 'M:/Repo/Farmers Market Platform web and app/node_modules/@prisma/client/default.js' implicitly has an 'any' type.
  Try `npm i --save-dev @types/prisma__client` if it exists or add a new declaration (.d.ts) file containing `declare module '@prisma/client';`
src/app/api/user/addresses/route.ts(64,44): error TS7006: Parameter 'addr' implicitly has an 'any' type.
src/app/api/user/addresses/route.ts(65,45): error TS7006: Parameter 'addr' implicitly has an 'any' type.
src/app/api/user/addresses/route.ts(66,45): error TS7006: Parameter 'addr' implicitly has an 'any' type.
src/app/api/user/addresses/route.ts(67,46): error TS7006: Parameter 'addr' implicitly has an 'any' type.
src/app/api/webhooks/stripe/route.ts(248,50): error TS7006: Parameter 'item' implicitly has an 'any' type.
src/app/api/webhooks/stripe/route.ts(258,11): error TS2322: Type 'unknown' is not assignable to type 'string | undefined'.
src/app/global-error.tsx(3,25): error TS7016: Could not find a declaration file for module '@sentry/nextjs'. 'M:/Repo/Farmers Market Platform web and app/node_modules/@sentry/nextjs/build/esm/index.server.js' implicitly has an 'any' type.
  Try `npm i --save-dev @types/sentry__nextjs` if it exists or add a new declaration (.d.ts) file containing `declare module '@sentry/nextjs';`
src/app/page.tsx(190,36): error TS7006: Parameter 'product' implicitly has an 'any' type.
src/app/page.tsx(298,35): error TS7006: Parameter 'farm' implicitly has an 'any' type.
src/components/features/auth/LoginForm.tsx(15,24): error TS7016: Could not find a declaration file for module 'next-auth/react'. 'M:/Repo/Farmers Market Platform web and app/node_modules/next-auth/react.js' implicitly has an 'any' type.
  If the 'next-auth' package actually exposes this module, try adding a new declaration (.d.ts) file containing `declare module 'next-auth/react';`
src/components/features/cart/cart-badge.tsx(186,33): error TS2339: Property 'id' does not exist on type 'CartItemWithProduct'.
src/components/features/cart/cart-badge.tsx(212,40): error TS2339: Property 'quantity' does not exist on type 'CartItemWithProduct'.
src/components/features/cart/cart-badge.tsx(216,43): error TS2339: Property 'priceAtAdd' does not exist on type 'CartItemWithProduct'.
src/components/features/cart/cart-badge.tsx(216,69): error TS2339: Property 'quantity' does not exist on type 'CartItemWithProduct'.
src/components/features/cart/cart-badge.tsx(225,53): error TS2339: Property 'id' does not exist on type 'CartItemWithProduct'.
src/components/features/cart/cart-item-card.tsx(36,49): error TS2339: Property 'quantity' does not exist on type 'CartItemWithProduct'.
src/components/features/cart/cart-item-card.tsx(40,27): error TS2339: Property 'priceAtAdd' does not exist on type 'CartItemWithProduct'.
src/components/features/cart/cart-item-card.tsx(74,35): error TS2339: Property 'id' does not exist on type 'CartItemWithProduct'.
src/components/features/cart/cart-item-card.tsx(98,27): error TS2339: Property 'id' does not exist on type 'CartItemWithProduct'.
src/components/features/cart/cart-item-card.tsx(154,54): error TS2339: Property 'unit' does not exist on type 'CartItemWithProduct'.
src/components/features/cart/cart-item-card.tsx(173,57): error TS2339: Property 'unit' does not exist on type 'CartItemWithProduct'.
src/components/features/cart/cart-item-card.tsx(211,25): error TS2339: Property 'unit' does not exist on type 'CartItemWithProduct'.
src/components/features/cart/cart-item-card.tsx(253,27): error TS2339: Property 'unit' does not exist on type 'CartItemWithProduct'.
src/components/features/cart/cart-item-card.tsx(258,27): error TS2339: Property 'unit' does not exist on type 'CartItemWithProduct'.
src/components/features/cart/mini-cart.tsx(163,28): error TS2339: Property 'quantity' does not exist on type 'CartItemWithProduct'.
src/components/features/cart/mini-cart.tsx(163,55): error TS2339: Property 'priceAtAdd' does not exist on type 'CartItemWithProduct'.
src/components/features/cart/mini-cart.tsx(167,35): error TS2339: Property 'id' does not exist on type 'CartItemWithProduct'.
src/components/features/cart/mini-cart.tsx(195,37): error TS2339: Property 'quantity' does not exist on type 'CartItemWithProduct'.
src/components/features/cart/mini-cart.tsx(195,64): error TS2339: Property 'unit' does not exist on type 'CartItemWithProduct'.
src/components/features/cart/mini-cart.tsx(196,37): error TS2339: Property 'priceAtAdd' does not exist on type 'CartItemWithProduct'.
src/components/features/cart/mini-cart.tsx(207,68): error TS2339: Property 'id' does not exist on type 'CartItemWithProduct'.
src/components/features/checkout/cart-summary.tsx(8,46): error TS7016: Could not find a declaration file for module '@prisma/client'. 'M:/Repo/Farmers Market Platform web and app/node_modules/@prisma/client/default.js' implicitly has an 'any' type.
  Try `npm i --save-dev @types/prisma__client` if it exists or add a new declaration (.d.ts) file containing `declare module '@prisma/client';`
src/components/features/checkout/cart-summary.tsx(86,23): error TS18046: 'farmGroup' is of type 'unknown'.
src/components/features/checkout/cart-summary.tsx(91,20): error TS18046: 'farmGroup' is of type 'unknown'.
src/components/features/checkout/cart-summary.tsx(97,18): error TS18046: 'farmGroup' is of type 'unknown'.
src/components/features/checkout/cart-summary.tsx(97,39): error TS7006: Parameter 'item' implicitly has an 'any' type.
src/components/features/checkout/checkout-wizard.tsx(9,59): error TS7016: Could not find a declaration file for module '@prisma/client'. 'M:/Repo/Farmers Market Platform web and app/node_modules/@prisma/client/default.js' implicitly has an 'any' type.
  Try `npm i --save-dev @types/prisma__client` if it exists or add a new declaration (.d.ts) file containing `declare module '@prisma/client';`
src/components/features/checkout/delivery-step.tsx(10,29): error TS7016: Could not find a declaration file for module '@hookform/resolvers/zod'. 'M:/Repo/Farmers Market Platform web and app/node_modules/@hookform/resolvers/zod/dist/zod.mjs' implicitly has an 'any' type.
  Try `npm i --save-dev @types/hookform__resolvers` if it exists or add a new declaration (.d.ts) file containing `declare module '@hookform/resolvers/zod';`
src/components/features/checkout/delivery-step.tsx(12,10): error TS2305: Module '"react-hook-form"' has no exported member 'useForm'.
src/components/features/checkout/review-step.tsx(10,46): error TS7016: Could not find a declaration file for module '@prisma/client'. 'M:/Repo/Farmers Market Platform web and app/node_modules/@prisma/client/default.js' implicitly has an 'any' type.
  Try `npm i --save-dev @types/prisma__client` if it exists or add a new declaration (.d.ts) file containing `declare module '@prisma/client';`
src/components/features/checkout/shipping-step.tsx(10,29): error TS7016: Could not find a declaration file for module '@hookform/resolvers/zod'. 'M:/Repo/Farmers Market Platform web and app/node_modules/@hookform/resolvers/zod/dist/zod.mjs' implicitly has an 'any' type.
  Try `npm i --save-dev @types/hookform__resolvers` if it exists or add a new declaration (.d.ts) file containing `declare module '@hookform/resolvers/zod';`
src/components/features/checkout/shipping-step.tsx(11,34): error TS7016: Could not find a declaration file for module '@prisma/client'. 'M:/Repo/Farmers Market Platform web and app/node_modules/@prisma/client/default.js' implicitly has an 'any' type.
  Try `npm i --save-dev @types/prisma__client` if it exists or add a new declaration (.d.ts) file containing `declare module '@prisma/client';`
src/components/features/checkout/shipping-step.tsx(13,10): error TS2305: Module '"react-hook-form"' has no exported member 'useForm'.
src/components/features/notifications/notification-center.tsx(30,41): error TS7016: Could not find a declaration file for module 'framer-motion'. 'M:/Repo/Farmers Market Platform web and app/node_modules/framer-motion/dist/cjs/index.js' implicitly has an 'any' type.
  Try `npm i --save-dev @types/framer-motion` if it exists or add a new declaration (.d.ts) file containing `declare module 'framer-motion';`
src/components/features/products/add-to-cart-button.tsx(11,28): error TS7016: Could not find a declaration file for module 'next-auth/react'. 'M:/Repo/Farmers Market Platform web and app/node_modules/next-auth/react.js' implicitly has an 'any' type.
  If the 'next-auth' package actually exposes this module, try adding a new declaration (.d.ts) file containing `declare module 'next-auth/react';`
src/components/features/products/create-product-form.tsx(31,38): error TS7016: Could not find a declaration file for module '@prisma/client'. 'M:/Repo/Farmers Market Platform web and app/node_modules/@prisma/client/default.js' implicitly has an 'any' type.
  Try `npm i --save-dev @types/prisma__client` if it exists or add a new declaration (.d.ts) file containing `declare module '@prisma/client';`
src/components/images/FarmImage.tsx(7,27): error TS7016: Could not find a declaration file for module '@prisma/client'. 'M:/Repo/Farmers Market Platform web and app/node_modules/@prisma/client/default.js' implicitly has an 'any' type.
  Try `npm i --save-dev @types/prisma__client` if it exists or add a new declaration (.d.ts) file containing `declare module '@prisma/client';`
src/components/images/ProductImage.tsx(7,30): error TS7016: Could not find a declaration file for module '@prisma/client'. 'M:/Repo/Farmers Market Platform web and app/node_modules/@prisma/client/default.js' implicitly has an 'any' type.
  Try `npm i --save-dev @types/prisma__client` if it exists or add a new declaration (.d.ts) file containing `declare module '@prisma/client';`
src/components/layout/header.tsx(20,37): error TS7016: Could not find a declaration file for module 'next-auth/react'. 'M:/Repo/Farmers Market Platform web and app/node_modules/next-auth/react.js' implicitly has an 'any' type.
  If the 'next-auth' package actually exposes this module, try adding a new declaration (.d.ts) file containing `declare module 'next-auth/react';`
src/components/notifications/animations/banner-animations.ts(17,31): error TS7016: Could not find a declaration file for module 'framer-motion'. 'M:/Repo/Farmers Market Platform web and app/node_modules/framer-motion/dist/cjs/index.js' implicitly has an 'any' type.
  Try `npm i --save-dev @types/framer-motion` if it exists or add a new declaration (.d.ts) file containing `declare module 'framer-motion';`
src/components/notifications/animations/list-animations.ts(21,43): error TS7016: Could not find a declaration file for module 'framer-motion'. 'M:/Repo/Farmers Market Platform web and app/node_modules/framer-motion/dist/cjs/index.js' implicitly has an 'any' type.
  Try `npm i --save-dev @types/framer-motion` if it exists or add a new declaration (.d.ts) file containing `declare module 'framer-motion';`
src/components/notifications/animations/seasonal-animations.ts(22,43): error TS7016: Could not find a declaration file for module 'framer-motion'. 'M:/Repo/Farmers Market Platform web and app/node_modules/framer-motion/dist/cjs/index.js' implicitly has an 'any' type.
  Try `npm i --save-dev @types/framer-motion` if it exists or add a new declaration (.d.ts) file containing `declare module 'framer-motion';`
src/components/notifications/animations/toast-animations.ts(16,31): error TS7016: Could not find a declaration file for module 'framer-motion'. 'M:/Repo/Farmers Market Platform web and app/node_modules/framer-motion/dist/cjs/index.js' implicitly has an 'any' type.
  Try `npm i --save-dev @types/framer-motion` if it exists or add a new declaration (.d.ts) file containing `declare module 'framer-motion';`
src/components/notifications/Banner.tsx(56,24): error TS7016: Could not find a declaration file for module 'framer-motion'. 'M:/Repo/Farmers Market Platform web and app/node_modules/framer-motion/dist/cjs/index.js' implicitly has an 'any' type.
  Try `npm i --save-dev @types/framer-motion` if it exists or add a new declaration (.d.ts) file containing `declare module 'framer-motion';`
src/components/notifications/Toast.tsx(57,24): error TS7016: Could not find a declaration file for module 'framer-motion'. 'M:/Repo/Farmers Market Platform web and app/node_modules/framer-motion/dist/cjs/index.js' implicitly has an 'any' type.
  Try `npm i --save-dev @types/framer-motion` if it exists or add a new declaration (.d.ts) file containing `declare module 'framer-motion';`
src/components/notifications/ToastRenderer.tsx(22,33): error TS7016: Could not find a declaration file for module 'framer-motion'. 'M:/Repo/Farmers Market Platform web and app/node_modules/framer-motion/dist/cjs/index.js' implicitly has an 'any' type.
  Try `npm i --save-dev @types/framer-motion` if it exists or add a new declaration (.d.ts) file containing `declare module 'framer-motion';`
src/components/providers/SessionProvider.tsx(15,60): error TS7016: Could not find a declaration file for module 'next-auth/react'. 'M:/Repo/Farmers Market Platform web and app/node_modules/next-auth/react.js' implicitly has an 'any' type.
  If the 'next-auth' package actually exposes this module, try adding a new declaration (.d.ts) file containing `declare module 'next-auth/react';`
src/components/ui/form.tsx(18,3): error TS2305: Module '"react-hook-form"' has no exported member 'FormProvider'.
src/components/ui/form.tsx(19,3): error TS2305: Module '"react-hook-form"' has no exported member 'useFormContext'.
src/components/ui/FormSystemExamples.tsx(9,29): error TS7016: Could not find a declaration file for module '@hookform/resolvers/zod'. 'M:/Repo/Farmers Market Platform web and app/node_modules/@hookform/resolvers/zod/dist/zod.mjs' implicitly has an 'any' type.
  Try `npm i --save-dev @types/hookform__resolvers` if it exists or add a new declaration (.d.ts) file containing `declare module '@hookform/resolvers/zod';`
src/components/ui/FormSystemExamples.tsx(12,10): error TS2305: Module '"react-hook-form"' has no exported member 'useForm'.
src/features/order-management/components/OrderCard.tsx(17,8): error TS7016: Could not find a declaration file for module '@prisma/client'. 'M:/Repo/Farmers Market Platform web and app/node_modules/@prisma/client/default.js' implicitly has an 'any' type.
  Try `npm i --save-dev @types/prisma__client` if it exists or add a new declaration (.d.ts) file containing `declare module '@prisma/client';`
src/features/order-management/components/OrderCard.tsx(50,6): error TS7006: Parameter 'sum' implicitly has an 'any' type.
src/features/order-management/components/OrderCard.tsx(50,11): error TS7006: Parameter 'item' implicitly has an 'any' type.
src/features/order-management/components/OrderCard.tsx(218,45): error TS7006: Parameter 'item' implicitly has an 'any' type.
src/features/order-management/components/OrderList.tsx(11,34): error TS7016: Could not find a declaration file for module '@prisma/client'. 'M:/Repo/Farmers Market Platform web and app/node_modules/@prisma/client/default.js' implicitly has an 'any' type.
  Try `npm i --save-dev @types/prisma__client` if it exists or add a new declaration (.d.ts) file containing `declare module '@prisma/client';`
src/features/order-management/hooks/useOrders.ts(18,34): error TS7016: Could not find a declaration file for module '@prisma/client'. 'M:/Repo/Farmers Market Platform web and app/node_modules/@prisma/client/default.js' implicitly has an 'any' type.
  Try `npm i --save-dev @types/prisma__client` if it exists or add a new declaration (.d.ts) file containing `declare module '@prisma/client';`
src/features/order-management/types/index.ts(14,8): error TS7016: Could not find a declaration file for module '@prisma/client'. 'M:/Repo/Farmers Market Platform web and app/node_modules/@prisma/client/default.js' implicitly has an 'any' type.
  Try `npm i --save-dev @types/prisma__client` if it exists or add a new declaration (.d.ts) file containing `declare module '@prisma/client';`
src/generated/prisma.ts(5,15): error TS7016: Could not find a declaration file for module '@prisma/client'. 'M:/Repo/Farmers Market Platform web and app/node_modules/@prisma/client/default.js' implicitly has an 'any' type.
  Try `npm i --save-dev @types/prisma__client` if it exists or add a new declaration (.d.ts) file containing `declare module '@prisma/client';`
src/generated/prisma.ts(6,30): error TS7016: Could not find a declaration file for module '@prisma/client'. 'M:/Repo/Farmers Market Platform web and app/node_modules/@prisma/client/default.js' implicitly has an 'any' type.
  Try `npm i --save-dev @types/prisma__client` if it exists or add a new declaration (.d.ts) file containing `declare module '@prisma/client';`
src/hooks/saved-searches/useSavedSearches.ts(19,24): error TS7016: Could not find a declaration file for module '@prisma/client'. 'M:/Repo/Farmers Market Platform web and app/node_modules/@prisma/client/default.js' implicitly has an 'any' type.
  Try `npm i --save-dev @types/prisma__client` if it exists or add a new declaration (.d.ts) file containing `declare module '@prisma/client';`
src/hooks/saved-searches/useSavedSearchMutations.ts(26,47): error TS7016: Could not find a declaration file for module '@prisma/client'. 'M:/Repo/Farmers Market Platform web and app/node_modules/@prisma/client/default.js' implicitly has an 'any' type.
  Try `npm i --save-dev @types/prisma__client` if it exists or add a new declaration (.d.ts) file containing `declare module '@prisma/client';`
src/hooks/saved-searches/useSearchAlerts.ts(22,33): error TS7016: Could not find a declaration file for module '@prisma/client'. 'M:/Repo/Farmers Market Platform web and app/node_modules/@prisma/client/default.js' implicitly has an 'any' type.
  Try `npm i --save-dev @types/prisma__client` if it exists or add a new declaration (.d.ts) file containing `declare module '@prisma/client';`
src/hooks/use-analytics.ts(11,53): error TS7016: Could not find a declaration file for module '@prisma/client'. 'M:/Repo/Farmers Market Platform web and app/node_modules/@prisma/client/default.js' implicitly has an 'any' type.
  Try `npm i --save-dev @types/prisma__client` if it exists or add a new declaration (.d.ts) file containing `declare module '@prisma/client';`
src/hooks/useCart.ts(24,28): error TS7016: Could not find a declaration file for module 'next-auth/react'. 'M:/Repo/Farmers Market Platform web and app/node_modules/next-auth/react.js' implicitly has an 'any' type.
  If the 'next-auth' package actually exposes this module, try adding a new declaration (.d.ts) file containing `declare module 'next-auth/react';`
src/hooks/useCart.ts(272,64): error TS2339: Property 'id' does not exist on type 'CartItemWithProduct'.
src/hooks/useCart.ts(275,49): error TS2339: Property 'quantity' does not exist on type 'CartItemWithProduct'.
src/hooks/useCart.ts(316,61): error TS2339: Property 'id' does not exist on type 'CartItemWithProduct'.
src/hooks/useCart.ts(321,48): error TS2339: Property 'quantity' does not exist on type 'CartItemWithProduct'.
src/instrumentation-client.ts(5,25): error TS7016: Could not find a declaration file for module '@sentry/nextjs'. 'M:/Repo/Farmers Market Platform web and app/node_modules/@sentry/nextjs/build/esm/index.server.js' implicitly has an 'any' type.
  Try `npm i --save-dev @types/sentry__nextjs` if it exists or add a new declaration (.d.ts) file containing `declare module '@sentry/nextjs';`
src/instrumentation.ts(1,25): error TS7016: Could not find a declaration file for module '@sentry/nextjs'. 'M:/Repo/Farmers Market Platform web and app/node_modules/@sentry/nextjs/build/esm/index.server.js' implicitly has an 'any' type.
  Try `npm i --save-dev @types/sentry__nextjs` if it exists or add a new declaration (.d.ts) file containing `declare module '@sentry/nextjs';`
src/lib/ai/ollama.ts(10,39): error TS7016: Could not find a declaration file for module '@opentelemetry/api'. 'M:/Repo/Farmers Market Platform web and app/node_modules/@opentelemetry/api/build/src/index.js' implicitly has an 'any' type.
  Try `npm i --save-dev @types/opentelemetry__api` if it exists or add a new declaration (.d.ts) file containing `declare module '@opentelemetry/api';`
src/lib/ai/ollama.ts(110,64): error TS7006: Parameter 'span' implicitly has an 'any' type.
src/lib/ai/ollama.ts(140,63): error TS7006: Parameter 'span' implicitly has an 'any' type.
src/lib/ai/ollama.ts(175,61): error TS7006: Parameter 'span' implicitly has an 'any' type.
src/lib/ai/ollama.ts(247,57): error TS7006: Parameter 'span' implicitly has an 'any' type.
src/lib/ai/ollama.ts(373,66): error TS7006: Parameter 'span' implicitly has an 'any' type.
src/lib/ai/ollama.ts(437,67): error TS7006: Parameter 'span' implicitly has an 'any' type.
src/lib/ai/perplexity.ts(15,39): error TS7016: Could not find a declaration file for module '@opentelemetry/api'. 'M:/Repo/Farmers Market Platform web and app/node_modules/@opentelemetry/api/build/src/index.js' implicitly has an 'any' type.
  Try `npm i --save-dev @types/opentelemetry__api` if it exists or add a new declaration (.d.ts) file containing `declare module '@opentelemetry/api';`
src/lib/ai/perplexity.ts(188,67): error TS7006: Parameter 'span' implicitly has an 'any' type.
src/lib/ai/perplexity.ts(355,14): error TS7006: Parameter 'span' implicitly has an 'any' type.
src/lib/api/error-handler.ts(19,24): error TS7016: Could not find a declaration file for module '@prisma/client'. 'M:/Repo/Farmers Market Platform web and app/node_modules/@prisma/client/default.js' implicitly has an 'any' type.
  Try `npm i --save-dev @types/prisma__client` if it exists or add a new declaration (.d.ts) file containing `declare module '@prisma/client';`
src/lib/api/error-handler.ts(279,34): error TS18046: 'error' is of type 'unknown'.
src/lib/auth.ts(41,45): error TS7016: Could not find a declaration file for module 'next-auth/react'. 'M:/Repo/Farmers Market Platform web and app/node_modules/next-auth/react.js' implicitly has an 'any' type.
  If the 'next-auth' package actually exposes this module, try adding a new declaration (.d.ts) file containing `declare module 'next-auth/react';`
src/lib/auth/client.ts(13,45): error TS7016: Could not find a declaration file for module 'next-auth/react'. 'M:/Repo/Farmers Market Platform web and app/node_modules/next-auth/react.js' implicitly has an 'any' type.
  If the 'next-auth' package actually exposes this module, try adding a new declaration (.d.ts) file containing `declare module 'next-auth/react';`
src/lib/auth/config.ts(21,43): error TS7016: Could not find a declaration file for module '@prisma/client'. 'M:/Repo/Farmers Market Platform web and app/node_modules/@prisma/client/default.js' implicitly has an 'any' type.
  Try `npm i --save-dev @types/prisma__client` if it exists or add a new declaration (.d.ts) file containing `declare module '@prisma/client';`
src/lib/auth/config.ts(44,16): error TS2665: Invalid module name in augmentation. Module '@auth/core/jwt' resolves to an untyped module at 'M:/Repo/Farmers Market Platform web and app/node_modules/@auth/core/jwt.js', which cannot be augmented.
src/lib/auth/config.ts(86,23): error TS7006: Parameter 'credentials' implicitly has an 'any' type.
src/lib/auth/config.ts(181,17): error TS7031: Binding element 'token' implicitly has an 'any' type.
src/lib/auth/config.ts(181,24): error TS7031: Binding element 'user' implicitly has an 'any' type.
src/lib/auth/config.ts(181,30): error TS7031: Binding element 'trigger' implicitly has an 'any' type.
src/lib/auth/config.ts(181,39): error TS7031: Binding element 'session' implicitly has an 'any' type.
src/lib/auth/config.ts(202,21): error TS7031: Binding element 'session' implicitly has an 'any' type.
src/lib/auth/config.ts(202,30): error TS7031: Binding element 'token' implicitly has an 'any' type.
src/lib/auth/config.ts(229,22): error TS7031: Binding element 'url' implicitly has an 'any' type.
src/lib/auth/config.ts(229,27): error TS7031: Binding element 'baseUrl' implicitly has an 'any' type.
src/lib/auth/config.ts(262,20): error TS7031: Binding element 'user' implicitly has an 'any' type.
src/lib/auth/config.ts(268,19): error TS7006: Parameter 'message' implicitly has an 'any' type.
src/lib/auth/config.ts(274,24): error TS7031: Binding element 'user' implicitly has an 'any' type.
src/lib/database/index.ts(20,30): error TS7016: Could not find a declaration file for module '@prisma/client'. 'M:/Repo/Farmers Market Platform web and app/node_modules/@prisma/client/default.js' implicitly has an 'any' type.
  Try `npm i --save-dev @types/prisma__client` if it exists or add a new declaration (.d.ts) file containing `declare module '@prisma/client';`
src/lib/errors/logger.ts(10,59): error TS7016: Could not find a declaration file for module '@opentelemetry/api'. 'M:/Repo/Farmers Market Platform web and app/node_modules/@opentelemetry/api/build/src/index.js' implicitly has an 'any' type.
  Try `npm i --save-dev @types/opentelemetry__api` if it exists or add a new declaration (.d.ts) file containing `declare module '@opentelemetry/api';`
src/lib/logger/index.ts(17,23): error TS7016: Could not find a declaration file for module '@opentelemetry/api'. 'M:/Repo/Farmers Market Platform web and app/node_modules/@opentelemetry/api/build/src/index.js' implicitly has an 'any' type.
  Try `npm i --save-dev @types/opentelemetry__api` if it exists or add a new declaration (.d.ts) file containing `declare module '@opentelemetry/api';`
src/lib/monitoring/alerts/alert-rules-engine.ts(16,39): error TS7016: Could not find a declaration file for module '@opentelemetry/api'. 'M:/Repo/Farmers Market Platform web and app/node_modules/@opentelemetry/api/build/src/index.js' implicitly has an 'any' type.
  Try `npm i --save-dev @types/opentelemetry__api` if it exists or add a new declaration (.d.ts) file containing `declare module '@opentelemetry/api';`
src/lib/monitoring/alerts/alert-rules-engine.ts(314,14): error TS7006: Parameter 'span' implicitly has an 'any' type.
src/lib/monitoring/retry/enhanced-retry.ts(16,39): error TS7016: Could not find a declaration file for module '@opentelemetry/api'. 'M:/Repo/Farmers Market Platform web and app/node_modules/@opentelemetry/api/build/src/index.js' implicitly has an 'any' type.
  Try `npm i --save-dev @types/opentelemetry__api` if it exists or add a new declaration (.d.ts) file containing `declare module '@opentelemetry/api';`
src/lib/monitoring/retry/enhanced-retry.ts(274,14): error TS7006: Parameter 'span' implicitly has an 'any' type.
src/lib/monitoring/storage/database.storage.ts(28,8): error TS7016: Could not find a declaration file for module '@prisma/client'. 'M:/Repo/Farmers Market Platform web and app/node_modules/@prisma/client/default.js' implicitly has an 'any' type.
  Try `npm i --save-dev @types/prisma__client` if it exists or add a new declaration (.d.ts) file containing `declare module '@prisma/client';`
src/lib/monitoring/storage/database.storage.ts(316,25): error TS7006: Parameter 'r' implicitly has an 'any' type.
src/lib/monitoring/storage/database.storage.ts(365,28): error TS7006: Parameter 'e' implicitly has an 'any' type.
src/lib/monitoring/storage/database.storage.ts(532,25): error TS7006: Parameter 'r' implicitly has an 'any' type.
src/lib/monitoring/storage/database.storage.ts(571,16): error TS7006: Parameter 'e' implicitly has an 'any' type.
src/lib/monitoring/storage/database.storage.ts(572,13): error TS7006: Parameter 'e' implicitly has an 'any' type.
src/lib/monitoring/storage/database.storage.ts(574,8): error TS7006: Parameter 'e' implicitly has an 'any' type.
src/lib/monitoring/storage/database.storage.ts(581,8): error TS7006: Parameter 'e' implicitly has an 'any' type.
src/lib/monitoring/storage/database.storage.ts(587,31): error TS7006: Parameter 'a' implicitly has an 'any' type.
src/lib/monitoring/storage/database.storage.ts(587,34): error TS7006: Parameter 'b' implicitly has an 'any' type.
src/lib/monitoring/storage/database.storage.ts(689,44): error TS7006: Parameter 'e' implicitly has an 'any' type.
src/lib/monitoring/telemetry.ts(11,53): error TS7016: Could not find a declaration file for module '@opentelemetry/api'. 'M:/Repo/Farmers Market Platform web and app/node_modules/@opentelemetry/api/build/src/index.js' implicitly has an 'any' type.
  Try `npm i --save-dev @types/opentelemetry__api` if it exists or add a new declaration (.d.ts) file containing `declare module '@opentelemetry/api';`
src/lib/monitoring/telemetry.ts(263,50): error TS7006: Parameter 'span' implicitly has an 'any' type.
src/lib/monitoring/telemetry.ts(303,44): error TS7006: Parameter 'span' implicitly has an 'any' type.
src/lib/monitoring/tracing/workflow-tracer.ts(10,54): error TS7016: Could not find a declaration file for module '@opentelemetry/api'. 'M:/Repo/Farmers Market Platform web and app/node_modules/@opentelemetry/api/build/src/index.js' implicitly has an 'any' type.
  Try `npm i --save-dev @types/opentelemetry__api` if it exists or add a new declaration (.d.ts) file containing `declare module '@opentelemetry/api';`
src/lib/monitoring/tracing/workflow-tracer.ts(186,14): error TS7006: Parameter 'span' implicitly has an 'any' type.
src/lib/monitoring/tracing/workflow-tracer.ts(312,14): error TS7006: Parameter 'span' implicitly has an 'any' type.
src/lib/monitoring/tracing/workflow-tracer.ts(376,14): error TS7006: Parameter 'span' implicitly has an 'any' type.
src/lib/monitoring/webhook-monitor.ts(8,39): error TS7016: Could not find a declaration file for module '@opentelemetry/api'. 'M:/Repo/Farmers Market Platform web and app/node_modules/@opentelemetry/api/build/src/index.js' implicitly has an 'any' type.
  Try `npm i --save-dev @types/opentelemetry__api` if it exists or add a new declaration (.d.ts) file containing `declare module '@opentelemetry/api';`
src/lib/monitoring/webhook-monitor.ts(88,70): error TS7006: Parameter 'span' implicitly has an 'any' type.
src/lib/payments/paypal/paypal.service.ts(355,39): error TS7006: Parameter 'item' implicitly has an 'any' type.
src/lib/queue/email.queue.ts(12,40): error TS7016: Could not find a declaration file for module '@prisma/client'. 'M:/Repo/Farmers Market Platform web and app/node_modules/@prisma/client/default.js' implicitly has an 'any' type.
  Try `npm i --save-dev @types/prisma__client` if it exists or add a new declaration (.d.ts) file containing `declare module '@prisma/client';`
src/lib/queue/notification.queue.ts(11,37): error TS7016: Could not find a declaration file for module '@prisma/client'. 'M:/Repo/Farmers Market Platform web and app/node_modules/@prisma/client/default.js' implicitly has an 'any' type.
  Try `npm i --save-dev @types/prisma__client` if it exists or add a new declaration (.d.ts) file containing `declare module '@prisma/client';`
src/lib/rbac/components.tsx(1,26): error TS7016: Could not find a declaration file for module '@prisma/client'. 'M:/Repo/Farmers Market Platform web and app/node_modules/@prisma/client/default.js' implicitly has an 'any' type.
  Try `npm i --save-dev @types/prisma__client` if it exists or add a new declaration (.d.ts) file containing `declare module '@prisma/client';`
src/lib/rbac/components.tsx(154,100): error TS7053: Element implicitly has an 'any' type because expression of type 'UserRole' can't be used to index type '{ CONSUMER: string; FARMER: string; MODERATOR: string; ADMIN: string; SUPER_ADMIN: string; }'.
src/lib/rbac/components.tsx(156,31): error TS7053: Element implicitly has an 'any' type because expression of type 'UserRole' can't be used to index type '{ CONSUMER: string; FARMER: string; MODERATOR: string; ADMIN: string; SUPER_ADMIN: string; }'.
src/lib/rbac/index.ts(1,26): error TS7016: Could not find a declaration file for module '@prisma/client'. 'M:/Repo/Farmers Market Platform web and app/node_modules/@prisma/client/default.js' implicitly has an 'any' type.
  Try `npm i --save-dev @types/prisma__client` if it exists or add a new declaration (.d.ts) file containing `declare module '@prisma/client';`
src/lib/rbac/permissions.tsx(2,26): error TS7016: Could not find a declaration file for module '@prisma/client'. 'M:/Repo/Farmers Market Platform web and app/node_modules/@prisma/client/default.js' implicitly has an 'any' type.
  Try `npm i --save-dev @types/prisma__client` if it exists or add a new declaration (.d.ts) file containing `declare module '@prisma/client';`
src/lib/repositories/base.repository.ts(19,35): error TS7016: Could not find a declaration file for module '@prisma/client'. 'M:/Repo/Farmers Market Platform web and app/node_modules/@prisma/client/default.js' implicitly has an 'any' type.
  Try `npm i --save-dev @types/prisma__client` if it exists or add a new declaration (.d.ts) file containing `declare module '@prisma/client';`
src/lib/repositories/base.repository.ts(447,56): error TS7006: Parameter 'tx' implicitly has an 'any' type.
src/lib/repositories/farm.repository.ts(19,35): error TS7016: Could not find a declaration file for module '@prisma/client'. 'M:/Repo/Farmers Market Platform web and app/node_modules/@prisma/client/default.js' implicitly has an 'any' type.
  Try `npm i --save-dev @types/prisma__client` if it exists or add a new declaration (.d.ts) file containing `declare module '@prisma/client';`
src/lib/repositories/order.repository.ts(26,24): error TS7016: Could not find a declaration file for module '@prisma/client'. 'M:/Repo/Farmers Market Platform web and app/node_modules/@prisma/client/default.js' implicitly has an 'any' type.
  Try `npm i --save-dev @types/prisma__client` if it exists or add a new declaration (.d.ts) file containing `declare module '@prisma/client';`
src/lib/repositories/product.repository.ts(19,38): error TS7016: Could not find a declaration file for module '@prisma/client'. 'M:/Repo/Farmers Market Platform web and app/node_modules/@prisma/client/default.js' implicitly has an 'any' type.
  Try `npm i --save-dev @types/prisma__client` if it exists or add a new declaration (.d.ts) file containing `declare module '@prisma/client';`
src/lib/repositories/user.repository.ts(26,24): error TS7016: Could not find a declaration file for module '@prisma/client'. 'M:/Repo/Farmers Market Platform web and app/node_modules/@prisma/client/default.js' implicitly has an 'any' type.
  Try `npm i --save-dev @types/prisma__client` if it exists or add a new declaration (.d.ts) file containing `declare module '@prisma/client';`
src/lib/search/search-service.ts(8,36): error TS7016: Could not find a declaration file for module '@prisma/client'. 'M:/Repo/Farmers Market Platform web and app/node_modules/@prisma/client/default.js' implicitly has an 'any' type.
  Try `npm i --save-dev @types/prisma__client` if it exists or add a new declaration (.d.ts) file containing `declare module '@prisma/client';`
src/lib/search/search-service.ts(325,23): error TS7006: Parameter 'p' implicitly has an 'any' type.
src/lib/search/search-service.ts(340,20): error TS7006: Parameter 'f' implicitly has an 'any' type.
src/lib/services/analytics/payment-analytics.service.ts(8,59): error TS7016: Could not find a declaration file for module '@prisma/client'. 'M:/Repo/Farmers Market Platform web and app/node_modules/@prisma/client/default.js' implicitly has an 'any' type.
  Try `npm i --save-dev @types/prisma__client` if it exists or add a new declaration (.d.ts) file containing `declare module '@prisma/client';`
src/lib/services/analytics/payment-analytics.service.ts(210,8): error TS7006: Parameter 'p' implicitly has an 'any' type.
src/lib/services/analytics/payment-analytics.service.ts(214,8): error TS7006: Parameter 'p' implicitly has an 'any' type.
src/lib/services/analytics/payment-analytics.service.ts(218,8): error TS7006: Parameter 'p' implicitly has an 'any' type.
src/lib/services/analytics/payment-analytics.service.ts(288,26): error TS7006: Parameter 'result' implicitly has an 'any' type.
src/lib/services/analytics/payment-analytics.service.ts(361,23): error TS7006: Parameter 'payment' implicitly has an 'any' type.
src/lib/services/analytics/payment-analytics.service.ts(429,23): error TS7006: Parameter 'payment' implicitly has an 'any' type.
src/lib/services/analytics/payment-analytics.service.ts(588,23): error TS7006: Parameter 'payment' implicitly has an 'any' type.
src/lib/services/analytics/payment-analytics.service.ts(666,23): error TS7006: Parameter 'payment' implicitly has an 'any' type.
src/lib/services/analytics/payment-analytics.service.ts(740,23): error TS7006: Parameter 'payment' implicitly has an 'any' type.
src/lib/services/analytics/platform-analytics.service.ts(233,33): error TS7006: Parameter 'sum' implicitly has an 'any' type.
src/lib/services/analytics/platform-analytics.service.ts(233,38): error TS7006: Parameter 'f' implicitly has an 'any' type.
src/lib/services/analytics/platform-analytics.service.ts(260,13): error TS7006: Parameter 'farm' implicitly has an 'any' type.
src/lib/services/analytics/platform-analytics.service.ts(263,38): error TS7006: Parameter 'sum' implicitly has an 'any' type.
src/lib/services/analytics/platform-analytics.service.ts(263,43): error TS7006: Parameter 'o' implicitly has an 'any' type.
src/lib/services/analytics/platform-analytics.service.ts(266,14): error TS7006: Parameter 'a' implicitly has an 'any' type.
src/lib/services/analytics/platform-analytics.service.ts(266,17): error TS7006: Parameter 'b' implicitly has an 'any' type.
src/lib/services/analytics/platform-analytics.service.ts(312,50): error TS7006: Parameter 'sum' implicitly has an 'any' type.
src/lib/services/analytics/platform-analytics.service.ts(312,55): error TS7006: Parameter 'p' implicitly has an 'any' type.
src/lib/services/analytics/platform-analytics.service.ts(334,13): error TS7006: Parameter 'product' implicitly has an 'any' type.
src/lib/services/analytics/platform-analytics.service.ts(338,12): error TS7006: Parameter 'sum' implicitly has an 'any' type.
src/lib/services/analytics/platform-analytics.service.ts(338,17): error TS7006: Parameter 'item' implicitly has an 'any' type.
src/lib/services/analytics/platform-analytics.service.ts(342,12): error TS7006: Parameter 'sum' implicitly has an 'any' type.
src/lib/services/analytics/platform-analytics.service.ts(342,17): error TS7006: Parameter 'item' implicitly has an 'any' type.
src/lib/services/analytics/platform-analytics.service.ts(346,14): error TS7006: Parameter 'a' implicitly has an 'any' type.
src/lib/services/analytics/platform-analytics.service.ts(346,17): error TS7006: Parameter 'b' implicitly has an 'any' type.
src/lib/services/analytics/platform-analytics.service.ts(580,21): error TS7006: Parameter 'order' implicitly has an 'any' type.
src/lib/services/analytics/platform-analytics.service.ts(620,21): error TS7006: Parameter 'order' implicitly has an 'any' type.
src/lib/services/analytics/platform-analytics.service.ts(660,20): error TS7006: Parameter 'user' implicitly has an 'any' type.
src/lib/services/base.service.ts(8,39): error TS7016: Could not find a declaration file for module '@opentelemetry/api'. 'M:/Repo/Farmers Market Platform web and app/node_modules/@opentelemetry/api/build/src/index.js' implicitly has an 'any' type.
  Try `npm i --save-dev @types/opentelemetry__api` if it exists or add a new declaration (.d.ts) file containing `declare module '@opentelemetry/api';`
src/lib/services/base.service.ts(12,29): error TS7016: Could not find a declaration file for module '@prisma/client'. 'M:/Repo/Farmers Market Platform web and app/node_modules/@prisma/client/default.js' implicitly has an 'any' type.
  Try `npm i --save-dev @types/prisma__client` if it exists or add a new declaration (.d.ts) file containing `declare module '@prisma/client';`
src/lib/services/base.service.ts(149,58): error TS7006: Parameter 'span' implicitly has an 'any' type.
src/lib/services/cart.service.ts(5,40): error TS7016: Could not find a declaration file for module '@prisma/client'. 'M:/Repo/Farmers Market Platform web and app/node_modules/@prisma/client/default.js' implicitly has an 'any' type.
  Try `npm i --save-dev @types/prisma__client` if it exists or add a new declaration (.d.ts) file containing `declare module '@prisma/client';`
src/lib/services/cart.service.ts(364,34): error TS2339: Property 'quantity' does not exist on type 'CartItemWithProduct'.
src/lib/services/cart.service.ts(364,61): error TS2339: Property 'priceAtAdd' does not exist on type 'CartItemWithProduct'.
src/lib/services/cart.service.ts(368,26): error TS2339: Property 'id' does not exist on type 'CartItemWithProduct'.
src/lib/services/cart.service.ts(388,29): error TS2339: Property 'quantity' does not exist on type 'CartItemWithProduct'.
src/lib/services/cart.service.ts(391,26): error TS2339: Property 'id' does not exist on type 'CartItemWithProduct'.
src/lib/services/cart.service.ts(459,27): error TS2339: Property 'quantity' does not exist on type 'CartItemWithProduct'.
src/lib/services/cart.service.ts(459,54): error TS2339: Property 'priceAtAdd' does not exist on type 'CartItemWithProduct'.
src/lib/services/cart.service.ts(463,27): error TS2339: Property 'quantity' does not exist on type 'CartItemWithProduct'.
src/lib/services/cart.service.ts(500,43): error TS7006: Parameter 'sum' implicitly has an 'any' type.
src/lib/services/cart.service.ts(500,48): error TS7006: Parameter 'item' implicitly has an 'any' type.
src/lib/services/cart.service.ts(535,38): error TS2339: Property 'quantity' does not exist on type 'CartItemWithProduct'.
src/lib/services/cart.service.ts(537,30): error TS2339: Property 'priceAtAdd' does not exist on type 'CartItemWithProduct'.
src/lib/services/cart.service.ts(543,24): error TS2339: Property 'id' does not exist on type 'CartItemWithProduct'.
src/lib/services/cart.service.ts(555,24): error TS2339: Property 'id' does not exist on type 'CartItemWithProduct'.
src/lib/services/cart.service.ts(565,24): error TS2339: Property 'id' does not exist on type 'CartItemWithProduct'.
src/lib/services/cart.service.ts(576,24): error TS2339: Property 'id' does not exist on type 'CartItemWithProduct'.
src/lib/services/cart.service.ts(590,26): error TS2339: Property 'id' does not exist on type 'CartItemWithProduct'.
src/lib/services/cart.service.ts(596,26): error TS2339: Property 'id' does not exist on type 'CartItemWithProduct'.
src/lib/services/cart.service.ts(620,30): error TS2339: Property 'priceAtAdd' does not exist on type 'CartItemWithProduct'.
src/lib/services/cart.service.ts(624,29): error TS2339: Property 'id' does not exist on type 'CartItemWithProduct'.
src/lib/services/checkout.service.ts(5,41): error TS7016: Could not find a declaration file for module '@prisma/client'. 'M:/Repo/Farmers Market Platform web and app/node_modules/@prisma/client/default.js' implicitly has an 'any' type.
  Try `npm i --save-dev @types/prisma__client` if it exists or add a new declaration (.d.ts) file containing `declare module '@prisma/client';`
src/lib/services/checkout.service.ts(380,29): error TS2551: Property 'productId' does not exist on type 'CartItemWithProduct'. Did you mean 'product'?
src/lib/services/checkout.service.ts(382,28): error TS2339: Property 'quantity' does not exist on type 'CartItemWithProduct'.
src/lib/services/checkout.service.ts(383,24): error TS2339: Property 'unit' does not exist on type 'CartItemWithProduct'.
src/lib/services/checkout.service.ts(384,29): error TS2339: Property 'priceAtAdd' does not exist on type 'CartItemWithProduct'.
src/lib/services/checkout.service.ts(385,40): error TS2339: Property 'quantity' does not exist on type 'CartItemWithProduct'.
src/lib/services/checkout.service.ts(385,67): error TS2339: Property 'priceAtAdd' does not exist on type 'CartItemWithProduct'.
src/lib/services/farm.service.ts(37,8): error TS7016: Could not find a declaration file for module '@prisma/client'. 'M:/Repo/Farmers Market Platform web and app/node_modules/@prisma/client/default.js' implicitly has an 'any' type.
  Try `npm i --save-dev @types/prisma__client` if it exists or add a new declaration (.d.ts) file containing `declare module '@prisma/client';`
src/lib/services/invoice/invoice-pdf.service.ts(8,51): error TS7016: Could not find a declaration file for module '@prisma/client'. 'M:/Repo/Farmers Market Platform web and app/node_modules/@prisma/client/default.js' implicitly has an 'any' type.
  Try `npm i --save-dev @types/prisma__client` if it exists or add a new declaration (.d.ts) file containing `declare module '@prisma/client';`
src/lib/services/invoice/invoice-pdf.service.ts(9,23): error TS2307: Cannot find module 'jspdf' or its corresponding type declarations.
src/lib/services/invoice/invoice-pdf.service.ts(343,26): error TS7006: Parameter 'item' implicitly has an 'any' type.
src/lib/services/invoice/invoice-pdf.service.ts(343,32): error TS7006: Parameter 'index' implicitly has an 'any' type.
src/lib/services/notification.service.ts(15,8): error TS7016: Could not find a declaration file for module '@prisma/client'. 'M:/Repo/Farmers Market Platform web and app/node_modules/@prisma/client/default.js' implicitly has an 'any' type.
  Try `npm i --save-dev @types/prisma__client` if it exists or add a new declaration (.d.ts) file containing `declare module '@prisma/client';`
src/lib/services/notification.service.ts(175,56): error TS2339: Property 'id' does not exist on type 'NotificationWithRelations'.
src/lib/services/notification.service.ts(184,41): error TS2339: Property 'title' does not exist on type 'NotificationWithRelations'.
src/lib/services/notification.service.ts(185,40): error TS2339: Property 'body' does not exist on type 'NotificationWithRelations'.
src/lib/services/notification.service.ts(193,28): error TS2339: Property 'type' does not exist on type 'NotificationWithRelations'.
src/lib/services/notification.service.ts(196,28): error TS2339: Property 'data' does not exist on type 'NotificationWithRelations'.
src/lib/services/notification.service.ts(196,56): error TS2339: Property 'data' does not exist on type 'NotificationWithRelations'.
src/lib/services/notification.service.ts(197,39): error TS2339: Property 'data' does not exist on type 'NotificationWithRelations'.
src/lib/services/notification.service.ts(215,76): error TS2339: Property 'type' does not exist on type 'NotificationWithRelations'.
src/lib/services/notification.service.ts(220,59): error TS2339: Property 'id' does not exist on type 'NotificationWithRelations'.
src/lib/services/notification.service.ts(233,63): error TS2551: Property 'userId' does not exist on type 'NotificationWithRelations'. Did you mean 'user'?
src/lib/services/notification.service.ts(241,34): error TS2339: Property 'title' does not exist on type 'NotificationWithRelations'.
src/lib/services/notification.service.ts(241,59): error TS2339: Property 'body' does not exist on type 'NotificationWithRelations'.
src/lib/services/notification.service.ts(242,30): error TS2551: Property 'userId' does not exist on type 'NotificationWithRelations'. Did you mean 'user'?
src/lib/services/notification.service.ts(243,38): error TS2339: Property 'id' does not exist on type 'NotificationWithRelations'.
src/lib/services/notification.service.ts(245,30): error TS2339: Property 'type' does not exist on type 'NotificationWithRelations'.
src/lib/services/notification.service.ts(246,40): error TS2339: Property 'id' does not exist on type 'NotificationWithRelations'.
src/lib/services/notification.service.ts(264,23): error TS2551: Property 'userId' does not exist on type 'NotificationWithRelations'. Did you mean 'user'?
src/lib/services/notification.service.ts(272,30): error TS2551: Property 'userId' does not exist on type 'NotificationWithRelations'. Did you mean 'user'?
src/lib/services/notification.service.ts(273,29): error TS2339: Property 'title' does not exist on type 'NotificationWithRelations'.
src/lib/services/notification.service.ts(274,28): error TS2339: Property 'body' does not exist on type 'NotificationWithRelations'.
src/lib/services/notification.service.ts(275,28): error TS2339: Property 'data' does not exist on type 'NotificationWithRelations'.
src/lib/services/notification.service.ts(276,38): error TS2339: Property 'id' does not exist on type 'NotificationWithRelations'.
src/lib/services/notification.service.ts(277,53): error TS2339: Property 'type' does not exist on type 'NotificationWithRelations'.
src/lib/services/notification.service.ts(280,72): error TS2551: Property 'userId' does not exist on type 'NotificationWithRelations'. Did you mean 'user'?
src/lib/services/notification.service.ts(589,34): error TS7006: Parameter 'f' implicitly has an 'any' type.
src/lib/services/notification.service.ts(632,27): error TS7006: Parameter 'u' implicitly has an 'any' type.
src/lib/services/notification.service.ts(656,37): error TS7006: Parameter 'n' implicitly has an 'any' type.
src/lib/services/notification.service.ts(662,28): error TS7006: Parameter 'n' implicitly has an 'any' type.
src/lib/services/order.service.ts(10,60): error TS7016: Could not find a declaration file for module '@prisma/client'. 'M:/Repo/Farmers Market Platform web and app/node_modules/@prisma/client/default.js' implicitly has an 'any' type.
  Try `npm i --save-dev @types/prisma__client` if it exists or add a new declaration (.d.ts) file containing `declare module '@prisma/client';`
src/lib/services/order.service.ts(237,38): error TS7006: Parameter 'item' implicitly has an 'any' type.
src/lib/services/order.service.ts(635,8): error TS7006: Parameter 'sum' implicitly has an 'any' type.
src/lib/services/order.service.ts(635,13): error TS7006: Parameter 'order' implicitly has an 'any' type.
src/lib/services/order.service.ts(641,29): error TS7006: Parameter 'item' implicitly has an 'any' type.
src/lib/services/order.service.ts(869,40): error TS7006: Parameter 'item' implicitly has an 'any' type.
src/lib/services/order.service.ts(998,46): error TS7006: Parameter 'p' implicitly has an 'any' type.
src/lib/services/order.service.ts(1005,31): error TS2339: Property 'name' does not exist on type '{}'.
src/lib/services/order.service.ts(1007,24): error TS2339: Property 'unit' does not exist on type '{}'.
src/lib/services/product.service.ts(31,8): error TS7016: Could not find a declaration file for module '@prisma/client'. 'M:/Repo/Farmers Market Platform web and app/node_modules/@prisma/client/default.js' implicitly has an 'any' type.
  Try `npm i --save-dev @types/prisma__client` if it exists or add a new declaration (.d.ts) file containing `declare module '@prisma/client';`
src/lib/services/product.service.ts(32,24): error TS7016: Could not find a declaration file for module '@prisma/client'. 'M:/Repo/Farmers Market Platform web and app/node_modules/@prisma/client/default.js' implicitly has an 'any' type.
  Try `npm i --save-dev @types/prisma__client` if it exists or add a new declaration (.d.ts) file containing `declare module '@prisma/client';`
src/lib/services/product.service.ts(671,47): error TS7006: Parameter 'tx' implicitly has an 'any' type.
src/lib/services/product.service.ts(741,47): error TS7006: Parameter 'tx' implicitly has an 'any' type.
src/lib/services/push.service.ts(12,39): error TS7016: Could not find a declaration file for module '@opentelemetry/api'. 'M:/Repo/Farmers Market Platform web and app/node_modules/@opentelemetry/api/build/src/index.js' implicitly has an 'any' type.
  Try `npm i --save-dev @types/opentelemetry__api` if it exists or add a new declaration (.d.ts) file containing `declare module '@opentelemetry/api';`
src/lib/services/push.service.ts(293,72): error TS7006: Parameter 'span' implicitly has an 'any' type.
src/lib/services/sms.service.ts(11,39): error TS7016: Could not find a declaration file for module '@opentelemetry/api'. 'M:/Repo/Farmers Market Platform web and app/node_modules/@opentelemetry/api/build/src/index.js' implicitly has an 'any' type.
  Try `npm i --save-dev @types/opentelemetry__api` if it exists or add a new declaration (.d.ts) file containing `declare module '@opentelemetry/api';`
src/lib/services/sms.service.ts(151,59): error TS7006: Parameter 'span' implicitly has an 'any' type.
src/lib/services/sms.service.ts(475,33): error TS7006: Parameter 'log' implicitly has an 'any' type.
src/lib/services/sms.service.ts(476,35): error TS7006: Parameter 'log' implicitly has an 'any' type.
src/lib/services/sms.service.ts(480,35): error TS7006: Parameter 'log' implicitly has an 'any' type.
src/lib/services/webhook-event.service.ts(8,39): error TS7016: Could not find a declaration file for module '@opentelemetry/api'. 'M:/Repo/Farmers Market Platform web and app/node_modules/@opentelemetry/api/build/src/index.js' implicitly has an 'any' type.
  Try `npm i --save-dev @types/opentelemetry__api` if it exists or add a new declaration (.d.ts) file containing `declare module '@opentelemetry/api';`
src/lib/services/webhook-event.service.ts(9,24): error TS7016: Could not find a declaration file for module '@prisma/client'. 'M:/Repo/Farmers Market Platform web and app/node_modules/@prisma/client/default.js' implicitly has an 'any' type.
  Try `npm i --save-dev @types/prisma__client` if it exists or add a new declaration (.d.ts) file containing `declare module '@prisma/client';`
src/lib/services/webhook-event.service.ts(62,70): error TS7006: Parameter 'span' implicitly has an 'any' type.
src/lib/services/webhook-event.service.ts(148,72): error TS7006: Parameter 'span' implicitly has an 'any' type.
src/lib/services/webhook-event.service.ts(185,69): error TS7006: Parameter 'span' implicitly has an 'any' type.
src/lib/services/webhook-event.service.ts(304,69): error TS7006: Parameter 'span' implicitly has an 'any' type.
src/lib/services/webhook-event.service.ts(357,67): error TS7006: Parameter 'span' implicitly has an 'any' type.
src/lib/services/webhook-event.service.ts(423,75): error TS7006: Parameter 'span' implicitly has an 'any' type.
src/lib/services/webhook-event.service.ts(512,28): error TS7006: Parameter 'd' implicitly has an 'any' type.
src/lib/stores/cart.store.ts(21,30): error TS7016: Could not find a declaration file for module '@prisma/client'. 'M:/Repo/Farmers Market Platform web and app/node_modules/@prisma/client/default.js' implicitly has an 'any' type.
  Try `npm i --save-dev @types/prisma__client` if it exists or add a new declaration (.d.ts) file containing `declare module '@prisma/client';`
src/lib/telemetry/azure-insights.ts(25,54): error TS7016: Could not find a declaration file for module '@opentelemetry/api'. 'M:/Repo/Farmers Market Platform web and app/node_modules/@opentelemetry/api/build/src/index.js' implicitly has an 'any' type.
  Try `npm i --save-dev @types/opentelemetry__api` if it exists or add a new declaration (.d.ts) file containing `declare module '@opentelemetry/api';`
src/lib/telemetry/azure-insights.ts(29,8): error TS7016: Could not find a declaration file for module '@azure/monitor-opentelemetry'. 'M:/Repo/Farmers Market Platform web and app/node_modules/@azure/monitor-opentelemetry/dist/esm/index.js' implicitly has an 'any' type.
  Try `npm i --save-dev @types/azure__monitor-opentelemetry` if it exists or add a new declaration (.d.ts) file containing `declare module '@azure/monitor-opentelemetry';`
src/lib/telemetry/config.ts(15,43): error TS7016: Could not find a declaration file for module '@azure/monitor-opentelemetry-exporter'. 'M:/Repo/Farmers Market Platform web and app/node_modules/@azure/monitor-opentelemetry-exporter/dist/esm/index.js' implicitly has an 'any' type.
  Try `npm i --save-dev @types/azure__monitor-opentelemetry-exporter` if it exists or add a new declaration (.d.ts) file containing `declare module '@azure/monitor-opentelemetry-exporter';`
src/lib/telemetry/tracing.ts(6,45): error TS7016: Could not find a declaration file for module '@opentelemetry/api'. 'M:/Repo/Farmers Market Platform web and app/node_modules/@opentelemetry/api/build/src/index.js' implicitly has an 'any' type.
  Try `npm i --save-dev @types/opentelemetry__api` if it exists or add a new declaration (.d.ts) file containing `declare module '@opentelemetry/api';`
src/lib/tracing/agricultural-tracer.ts(6,39): error TS7016: Could not find a declaration file for module '@opentelemetry/api'. 'M:/Repo/Farmers Market Platform web and app/node_modules/@opentelemetry/api/build/src/index.js' implicitly has an 'any' type.
  Try `npm i --save-dev @types/opentelemetry__api` if it exists or add a new declaration (.d.ts) file containing `declare module '@opentelemetry/api';`
src/lib/tracing/agricultural-tracer.ts(32,51): error TS7006: Parameter 'span' implicitly has an 'any' type.
src/lib/tracing/lazy-tracer.ts(211,36): error TS7016: Could not find a declaration file for module '@opentelemetry/api'. 'M:/Repo/Farmers Market Platform web and app/node_modules/@opentelemetry/api/build/src/index.js' implicitly has an 'any' type.
  Try `npm i --save-dev @types/opentelemetry__api` if it exists or add a new declaration (.d.ts) file containing `declare module '@opentelemetry/api';`
src/lib/tracing/service-tracer.ts(19,53): error TS7016: Could not find a declaration file for module '@opentelemetry/api'. 'M:/Repo/Farmers Market Platform web and app/node_modules/@opentelemetry/api/build/src/index.js' implicitly has an 'any' type.
  Try `npm i --save-dev @types/opentelemetry__api` if it exists or add a new declaration (.d.ts) file containing `declare module '@opentelemetry/api';`
src/lib/utils/interaction.utils.ts(14,46): error TS7016: Could not find a declaration file for module '@prisma/client'. 'M:/Repo/Farmers Market Platform web and app/node_modules/@prisma/client/default.js' implicitly has an 'any' type.
  Try `npm i --save-dev @types/prisma__client` if it exists or add a new declaration (.d.ts) file containing `declare module '@prisma/client';`
src/lib/utils/search.utils.ts(15,29): error TS7016: Could not find a declaration file for module '@prisma/client'. 'M:/Repo/Farmers Market Platform web and app/node_modules/@prisma/client/default.js' implicitly has an 'any' type.
  Try `npm i --save-dev @types/prisma__client` if it exists or add a new declaration (.d.ts) file containing `declare module '@prisma/client';`
src/proxy.ts(25,10): error TS2305: Module '"next-auth/jwt"' has no exported member 'getToken'.
src/stores/checkoutStore.ts(16,40): error TS7016: Could not find a declaration file for module '@prisma/client'. 'M:/Repo/Farmers Market Platform web and app/node_modules/@prisma/client/default.js' implicitly has an 'any' type.
  Try `npm i --save-dev @types/prisma__client` if it exists or add a new declaration (.d.ts) file containing `declare module '@prisma/client';`
src/types/analytics.types.ts(10,24): error TS7016: Could not find a declaration file for module '@prisma/client'. 'M:/Repo/Farmers Market Platform web and app/node_modules/@prisma/client/default.js' implicitly has an 'any' type.
  Try `npm i --save-dev @types/prisma__client` if it exists or add a new declaration (.d.ts) file containing `declare module '@prisma/client';`
src/types/api/farm.types.ts(6,45): error TS7016: Could not find a declaration file for module '@prisma/client'. 'M:/Repo/Farmers Market Platform web and app/node_modules/@prisma/client/default.js' implicitly has an 'any' type.
  Try `npm i --save-dev @types/prisma__client` if it exists or add a new declaration (.d.ts) file containing `declare module '@prisma/client';`
src/types/core-entities.ts(59,8): error TS7016: Could not find a declaration file for module '@prisma/client'. 'M:/Repo/Farmers Market Platform web and app/node_modules/@prisma/client/default.js' implicitly has an 'any' type.
  Try `npm i --save-dev @types/prisma__client` if it exists or add a new declaration (.d.ts) file containing `declare module '@prisma/client';`
src/types/core-entities.ts(78,8): error TS7016: Could not find a declaration file for module '@prisma/client'. 'M:/Repo/Farmers Market Platform web and app/node_modules/@prisma/client/default.js' implicitly has an 'any' type.
  Try `npm i --save-dev @types/prisma__client` if it exists or add a new declaration (.d.ts) file containing `declare module '@prisma/client';`
src/types/order.types.ts(7,8): error TS7016: Could not find a declaration file for module '@prisma/client'. 'M:/Repo/Farmers Market Platform web and app/node_modules/@prisma/client/default.js' implicitly has an 'any' type.
  Try `npm i --save-dev @types/prisma__client` if it exists or add a new declaration (.d.ts) file containing `declare module '@prisma/client';`
src/types/payment.types.ts(2,46): error TS7016: Could not find a declaration file for module '@prisma/client'. 'M:/Repo/Farmers Market Platform web and app/node_modules/@prisma/client/default.js' implicitly has an 'any' type.
  Try `npm i --save-dev @types/prisma__client` if it exists or add a new declaration (.d.ts) file containing `declare module '@prisma/client';`
src/types/product.ts(23,8): error TS7016: Could not find a declaration file for module '@prisma/client'. 'M:/Repo/Farmers Market Platform web and app/node_modules/@prisma/client/default.js' implicitly has an 'any' type.
  Try `npm i --save-dev @types/prisma__client` if it exists or add a new declaration (.d.ts) file containing `declare module '@prisma/client';`
src/types/search.ts(4,29): error TS7016: Could not find a declaration file for module '@prisma/client'. 'M:/Repo/Farmers Market Platform web and app/node_modules/@prisma/client/default.js' implicitly has an 'any' type.
  Try `npm i --save-dev @types/prisma__client` if it exists or add a new declaration (.d.ts) file containing `declare module '@prisma/client';`
src/types/settings.ts(7,29): error TS7016: Could not find a declaration file for module '@prisma/client'. 'M:/Repo/Farmers Market Platform web and app/node_modules/@prisma/client/default.js' implicitly has an 'any' type.
  Try `npm i --save-dev @types/prisma__client` if it exists or add a new declaration (.d.ts) file containing `declare module '@prisma/client';`
